Build started 7/2/2017 12:26:17 AM.
     1>Project "C:\Users\Chun\CS3113\project_template\Windows\BattleLeague\NYUCodebase\NYUCodebase.vcxproj" on node 2 (Build target(s)).
     1>ClCompile:
         C:\Program Files (x86)\Microsoft Visual Studio 12.0\VC\bin\CL.exe /c /IC:\SDL2\include /IC:\SDL2_image\include /IC:\glew\include /IC:\SDL2_mixer\include /ZI /nologo /W3 /WX- /sdl /Od /Oy- /D _WINDOWS /D _MBCS /D _MBCS /Gm /EHsc /RTC1 /MDd /GS /fp:precise /Zc:wchar_t /Zc:forScope /Fo"Debug\\" /Fd"Debug\vc120.pdb" /Gd /TP /analyze- /errorReport:prompt Matrix.cpp ShaderProgram.cpp main.cpp
         main.cpp
     1>c:\users\chun\cs3113\project_template\windows\battleleague\nyucodebase\main.cpp(47): warning C4244: 'return' : conversion from 'double' to 'float', possible loss of data
     1>c:\users\chun\cs3113\project_template\windows\battleleague\nyucodebase\main.cpp(136): warning C4244: 'initializing' : conversion from 'double' to 'int', possible loss of data
     1>c:\users\chun\cs3113\project_template\windows\battleleague\nyucodebase\main.cpp(138): warning C4305: 'initializing' : truncation from 'double' to 'float'
     1>c:\users\chun\cs3113\project_template\windows\battleleague\nyucodebase\main.cpp(144): warning C4305: 'argument' : truncation from 'double' to 'float'
     1>c:\users\chun\cs3113\project_template\windows\battleleague\nyucodebase\main.cpp(145): warning C4305: 'argument' : truncation from 'double' to 'float'
     1>c:\users\chun\cs3113\project_template\windows\battleleague\nyucodebase\main.cpp(218): warning C4018: '<' : signed/unsigned mismatch
     1>c:\users\chun\cs3113\project_template\windows\battleleague\nyucodebase\main.cpp(257): warning C4244: '=' : conversion from 'double' to 'float', possible loss of data
     1>c:\users\chun\cs3113\project_template\windows\battleleague\nyucodebase\main.cpp(270): warning C4018: '<' : signed/unsigned mismatch
     1>c:\users\chun\cs3113\project_template\windows\battleleague\nyucodebase\main.cpp(277): warning C4244: 'initializing' : conversion from 'int' to 'float', possible loss of data
     1>c:\users\chun\cs3113\project_template\windows\battleleague\nyucodebase\main.cpp(278): warning C4244: 'initializing' : conversion from 'int' to 'float', possible loss of data
     1>c:\users\chun\cs3113\project_template\windows\battleleague\nyucodebase\main.cpp(280): warning C4305: '=' : truncation from 'double' to 'float'
     1>c:\users\chun\cs3113\project_template\windows\battleleague\nyucodebase\main.cpp(291): warning C4244: 'initializing' : conversion from 'int' to 'float', possible loss of data
     1>c:\users\chun\cs3113\project_template\windows\battleleague\nyucodebase\main.cpp(292): warning C4244: 'initializing' : conversion from 'int' to 'float', possible loss of data
     1>c:\users\chun\cs3113\project_template\windows\battleleague\nyucodebase\main.cpp(302): warning C4018: '<' : signed/unsigned mismatch
     1>c:\users\chun\cs3113\project_template\windows\battleleague\nyucodebase\main.cpp(380): warning C4244: 'initializing' : conversion from 'double' to 'float', possible loss of data
     1>c:\users\chun\cs3113\project_template\windows\battleleague\nyucodebase\main.cpp(381): warning C4244: 'initializing' : conversion from 'double' to 'float', possible loss of data
     1>c:\users\chun\cs3113\project_template\windows\battleleague\nyucodebase\main.cpp(408): warning C4244: 'initializing' : conversion from 'double' to 'float', possible loss of data
     1>c:\users\chun\cs3113\project_template\windows\battleleague\nyucodebase\main.cpp(409): warning C4244: 'initializing' : conversion from 'double' to 'float', possible loss of data
     1>c:\users\chun\cs3113\project_template\windows\battleleague\nyucodebase\main.cpp(419): warning C4018: '<' : signed/unsigned mismatch
     1>c:\users\chun\cs3113\project_template\windows\battleleague\nyucodebase\main.cpp(589): warning C4018: '<' : signed/unsigned mismatch
     1>c:\users\chun\cs3113\project_template\windows\battleleague\nyucodebase\main.cpp(617): warning C4018: '<' : signed/unsigned mismatch
     1>c:\users\chun\cs3113\project_template\windows\battleleague\nyucodebase\main.cpp(622): warning C4018: '<' : signed/unsigned mismatch
     1>c:\users\chun\cs3113\project_template\windows\battleleague\nyucodebase\main.cpp(627): warning C4018: '<' : signed/unsigned mismatch
     1>c:\users\chun\cs3113\project_template\windows\battleleague\nyucodebase\main.cpp(633): warning C4018: '<' : signed/unsigned mismatch
     1>c:\users\chun\cs3113\project_template\windows\battleleague\nyucodebase\main.cpp(635): warning C4018: '<' : signed/unsigned mismatch
     1>c:\users\chun\cs3113\project_template\windows\battleleague\nyucodebase\main.cpp(637): warning C4244: 'argument' : conversion from 'double' to 'float', possible loss of data
     1>c:\users\chun\cs3113\project_template\windows\battleleague\nyucodebase\main.cpp(652): warning C4305: '+=' : truncation from 'double' to 'float'
     1>c:\users\chun\cs3113\project_template\windows\battleleague\nyucodebase\main.cpp(663): warning C4305: '+=' : truncation from 'double' to 'float'
     1>c:\users\chun\cs3113\project_template\windows\battleleague\nyucodebase\main.cpp(669): warning C4018: '<' : signed/unsigned mismatch
     1>c:\users\chun\cs3113\project_template\windows\battleleague\nyucodebase\main.cpp(702): warning C4018: '<' : signed/unsigned mismatch
     1>c:\users\chun\cs3113\project_template\windows\battleleague\nyucodebase\main.cpp(707): warning C4305: '+=' : truncation from 'double' to 'float'
     1>c:\users\chun\cs3113\project_template\windows\battleleague\nyucodebase\main.cpp(714): warning C4305: '+=' : truncation from 'double' to 'float'
     1>c:\users\chun\cs3113\project_template\windows\battleleague\nyucodebase\main.cpp(732): warning C4244: '=' : conversion from 'float' to 'int', possible loss of data
     1>c:\users\chun\cs3113\project_template\windows\battleleague\nyucodebase\main.cpp(739): warning C4244: '=' : conversion from 'float' to 'int', possible loss of data
     1>c:\users\chun\cs3113\project_template\windows\battleleague\nyucodebase\main.cpp(752): warning C4244: '=' : conversion from 'float' to 'int', possible loss of data
     1>c:\users\chun\cs3113\project_template\windows\battleleague\nyucodebase\main.cpp(777): warning C4244: 'argument' : conversion from 'double' to 'GLsizei', possible loss of data
     1>c:\users\chun\cs3113\project_template\windows\battleleague\nyucodebase\main.cpp(793): warning C4018: '<' : signed/unsigned mismatch
     1>c:\users\chun\cs3113\project_template\windows\battleleague\nyucodebase\main.cpp(797): warning C4018: '<' : signed/unsigned mismatch
     1>c:\users\chun\cs3113\project_template\windows\battleleague\nyucodebase\main.cpp(811): warning C4305: 'argument' : truncation from 'double' to 'float'
     1>c:\users\chun\cs3113\project_template\windows\battleleague\nyucodebase\main.cpp(819): warning C4244: 'argument' : conversion from 'double' to 'GLsizei', possible loss of data
     1>c:\users\chun\cs3113\project_template\windows\battleleague\nyucodebase\main.cpp(836): warning C4018: '<' : signed/unsigned mismatch
     1>c:\users\chun\cs3113\project_template\windows\battleleague\nyucodebase\main.cpp(840): warning C4018: '<' : signed/unsigned mismatch
     1>c:\users\chun\cs3113\project_template\windows\battleleague\nyucodebase\main.cpp(857): warning C4244: 'argument' : conversion from 'double' to 'GLsizei', possible loss of data
     1>c:\users\chun\cs3113\project_template\windows\battleleague\nyucodebase\main.cpp(861): warning C4244: 'argument' : conversion from 'double' to 'GLsizei', possible loss of data
     1>c:\users\chun\cs3113\project_template\windows\battleleague\nyucodebase\main.cpp(869): warning C4244: 'argument' : conversion from 'double' to 'GLsizei', possible loss of data
     1>c:\users\chun\cs3113\project_template\windows\battleleague\nyucodebase\main.cpp(878): warning C4244: 'argument' : conversion from 'double' to 'GLsizei', possible loss of data
     1>c:\users\chun\cs3113\project_template\windows\battleleague\nyucodebase\main.cpp(886): warning C4244: 'argument' : conversion from 'double' to 'GLsizei', possible loss of data
     1>c:\users\chun\cs3113\project_template\windows\battleleague\nyucodebase\main.cpp(895): warning C4244: 'argument' : conversion from 'double' to 'GLsizei', possible loss of data
     1>c:\users\chun\cs3113\project_template\windows\battleleague\nyucodebase\main.cpp(903): warning C4244: 'argument' : conversion from 'double' to 'GLsizei', possible loss of data
     1>c:\users\chun\cs3113\project_template\windows\battleleague\nyucodebase\main.cpp(915): warning C4244: 'argument' : conversion from 'double' to 'int', possible loss of data
     1>c:\users\chun\cs3113\project_template\windows\battleleague\nyucodebase\main.cpp(933): warning C4244: 'argument' : conversion from 'time_t' to 'unsigned int', possible loss of data
     1>c:\users\chun\cs3113\project_template\windows\battleleague\nyucodebase\main.cpp(934): warning C4305: 'argument' : truncation from 'double' to 'float'
     1>c:\users\chun\cs3113\project_template\windows\battleleague\nyucodebase\main.cpp(935): warning C4305: 'argument' : truncation from 'double' to 'float'
     1>c:\users\chun\cs3113\project_template\windows\battleleague\nyucodebase\main.cpp(977): warning C4244: '=' : conversion from 'double' to 'float', possible loss of data
     1>c:\users\chun\cs3113\project_template\windows\battleleague\nyucodebase\main.cpp(983): warning C4244: '=' : conversion from 'double' to 'float', possible loss of data
     1>c:\users\chun\cs3113\project_template\windows\battleleague\nyucodebase\main.cpp(994): warning C4244: '=' : conversion from 'double' to 'float', possible loss of data
         Generating Code...
         Skipping... (no relevant changes detected)
         ShaderProgram.cpp
         Matrix.cpp
       Link:
         C:\Program Files (x86)\Microsoft Visual Studio 12.0\VC\bin\link.exe /ERRORREPORT:PROMPT /OUT:"C:\Users\Chun\CS3113\project_template\Windows\BattleLeague\Debug\BattleLeague.exe" /INCREMENTAL /NOLOGO /LIBPATH:C:\SDL2_mixer\lib\x86 /LIBPATH:C:\SDL2\lib\x86 /LIBPATH:C:\SDL2_image\lib\x86 /LIBPATH:C:\glew\lib\Release\Win32 SDL2.lib SDL2_mixer.lib glew32.lib SDL2main.lib SDL2_image.lib OpenGL32.lib /MANIFEST /MANIFESTUAC:"level='asInvoker' uiAccess='false'" /manifest:embed /DEBUG /PDB:"C:\Users\Chun\CS3113\project_template\Windows\BattleLeague\Debug\BattleLeague.pdb" /SUBSYSTEM:WINDOWS /TLBID:1 /DYNAMICBASE /NXCOMPAT /IMPLIB:"C:\Users\Chun\CS3113\project_template\Windows\BattleLeague\Debug\BattleLeague.lib" /MACHINE:X86 Debug\main.obj
         Debug\Matrix.obj
         Debug\ShaderProgram.obj
         NYUCodebase.vcxproj -> C:\Users\Chun\CS3113\project_template\Windows\BattleLeague\Debug\BattleLeague.exe
     1>Done Building Project "C:\Users\Chun\CS3113\project_template\Windows\BattleLeague\NYUCodebase\NYUCodebase.vcxproj" (Build target(s)).

Build succeeded.

Time Elapsed 00:00:01.90
